2020-04-14T07:52:20.454Z debug: something failes
2020-04-14T07:52:59.443Z debug: something failes
2020-04-14T07:53:00.787Z debug: something failes
2020-04-14T07:53:30.786Z debug: something failes
2020-04-14T08:06:18.686Z debug: something happened
2020-04-14T08:35:18.360Z debug: error
2020-04-14T08:35:18.348Z error: uncaughtException: error
Error: error
    at Object.<anonymous> (C:\Users\raymond.oyinlola.MYVIEWQWEST\Documents\maximillian\blog\server.js:48:7)
    at Module._compile (internal/modules/cjs/loader.js:955:30)
    at Object.Module._extensions..js (internal/modules/cjs/loader.js:991:10)
    at Module.load (internal/modules/cjs/loader.js:811:32)
    at Function.Module._load (internal/modules/cjs/loader.js:723:14)
    at Function.Module.runMain (internal/modules/cjs/loader.js:1043:10)
    at internal/main/run_main_module.js:17:11
2020-04-14T08:36:03.610Z debug: error
2020-04-14T08:36:03.609Z error: uncaughtException: error
Error: error
    at Object.<anonymous> (C:\Users\raymond.oyinlola.MYVIEWQWEST\Documents\maximillian\blog\server.js:49:7)
    at Module._compile (internal/modules/cjs/loader.js:955:30)
    at Object.Module._extensions..js (internal/modules/cjs/loader.js:991:10)
    at Module.load (internal/modules/cjs/loader.js:811:32)
    at Function.Module._load (internal/modules/cjs/loader.js:723:14)
    at Function.Module.runMain (internal/modules/cjs/loader.js:1043:10)
    at internal/main/run_main_module.js:17:11
2020-04-14T14:03:58.686Z debug: validateUser is not defined
2020-05-18T16:08:49.292Z debug: post validation failed: comments.0.text: Path `text` is required.
2020-05-26T11:54:54.743Z debug: post validation failed: comments.0.replies.0.text: Path `text` is required.
2020-05-26T11:55:09.953Z debug: post validation failed: comments.0.replies.0.text: Path `text` is required.
2020-05-26T12:10:43.980Z debug: Can't save() the same doc multiple times in parallel. Document: 5ecce1621143a02fdcc64f9d
2020-05-26T12:15:08.335Z debug: Can't save() the same doc multiple times in parallel. Document: 5ecce1621143a02fdcc64f9d
2020-05-26T12:15:33.832Z debug: Can't save() the same doc multiple times in parallel. Document: 5ecce1621143a02fdcc64f9d
2020-05-26T12:16:18.542Z debug: Can't save() the same doc multiple times in parallel. Document: 5ecce1621143a02fdcc64f9d
2020-05-26T12:18:32.030Z debug: Can't save() the same doc multiple times in parallel. Document: 5ecce1621143a02fdcc64f9d
2020-05-26T12:19:49.763Z debug: Can't save() the same doc multiple times in parallel. Document: 5ecce1621143a02fdcc64f9d
2020-05-26T12:19:51.429Z debug: Can't save() the same doc multiple times in parallel. Document: 5ecce1621143a02fdcc64f9d
2020-05-26T12:19:52.817Z debug: Can't save() the same doc multiple times in parallel. Document: 5ecce1621143a02fdcc64f9d
2020-05-26T12:20:02.067Z debug: Can't save() the same doc multiple times in parallel. Document: 5ecce1621143a02fdcc64f9d
2020-05-26T12:20:34.638Z debug: Can't save() the same doc multiple times in parallel. Document: 5ecce1621143a02fdcc64f9d
2020-05-26T12:21:53.965Z debug: Can't save() the same doc multiple times in parallel. Document: 5ecce1621143a02fdcc64f9d
2020-05-26T12:22:23.816Z debug: Can't save() the same doc multiple times in parallel. Document: 5ecce1621143a02fdcc64f9d
2020-05-26T12:22:40.060Z debug: Can't save() the same doc multiple times in parallel. Document: 5ecce1621143a02fdcc64f9d
2020-05-26T12:22:51.576Z debug: Can't save() the same doc multiple times in parallel. Document: 5ecce1621143a02fdcc64f9d
2020-05-26T12:23:07.923Z debug: Can't save() the same doc multiple times in parallel. Document: 5ecce1621143a02fdcc64f9d
2020-05-26T12:23:32.484Z debug: Can't save() the same doc multiple times in parallel. Document: 5ecce1621143a02fdcc64f9d
2020-05-26T12:26:33.887Z debug: Can't save() the same doc multiple times in parallel. Document: 5ecce1621143a02fdcc64f9d
2020-06-03T16:13:44.012Z debug: post validation failed: comments.0.text: Path `text` is required.
2020-06-05T04:28:10.863Z debug: post validation failed: comments.0.text: Path `text` is required.
2020-06-05T04:28:28.330Z debug: post validation failed: comments.0.text: Path `text` is required.
